<?xml version="1.0" encoding="UTF-8"?>
<!-- Generated by org.testng.reporters.JUnitReportReporter -->
<testsuite hostname="DESKTOP-4MFI96S" failures="0" tests="1" name="com.actitime.testscript.CustomerModule" time="0.023" errors="0" timestamp="2024-08-07T17:31:35 IST" skipped="0">
  <testcase classname="com.actitime.testscript.CustomerModule" name="createCutomer" time="0.023">
    <system-out>
      <![CDATA[createCutomer]]>
    </system-out>
  </testcase> <!-- createCutomer -->
  <system-out>
    <![CDATA[createCutomer]]>
  </system-out>
</testsuite> <!-- com.actitime.testscript.CustomerModule -->
